# JRE version: Java(TM) SE Runtime Environment (8.0_101-b13) (build 1.8.0_101-b13)
# Java VM: Java HotSpot(TM) 64-Bit Server VM (25.101-b13 mixed mode windows-amd64 compressed oops)
Heap:
 PSYoungGen      total 151552K, used 133013K [0x00000000eab00000, 0x00000000f6000000, 0x0000000100000000)
  eden space 133120K, 96% used [0x00000000eab00000,0x00000000f283d508,0x00000000f2d00000)
  from space 18432K, 25% used [0x00000000f3e80000,0x00000000f4328000,0x00000000f5080000)
  to   space 17920K, 0% used [0x00000000f2d00000,0x00000000f2d00000,0x00000000f3e80000)
 ParOldGen       total 65024K, used 33495K [0x00000000c0000000, 0x00000000c3f80000, 0x00000000eab00000)
  object space 65024K, 51% used [0x00000000c0000000,0x00000000c20b5f68,0x00000000c3f80000)
 Metaspace       used 50679K, capacity 51926K, committed 52096K, reserved 1093632K
  class space    used 6880K, capacity 7218K, committed 7296K, reserved 1048576K
GC Heap History (10 events):
Event: 31.068 GC heap before
{Heap before GC invocations=13 (full 2):
 PSYoungGen      total 122880K, used 111616K [0x00000000eab00000, 0x00000000f3880000, 0x0000000100000000)
  eden space 111616K, 100% used [0x00000000eab00000,0x00000000f1800000,0x00000000f1800000)
  from space 11264K, 0% used [0x00000000f2500000,0x00000000f2500000,0x00000000f3000000)
  to   space 13312K, 0% used [0x00000000f1800000,0x00000000f1800000,0x00000000f2500000)
 ParOldGen       total 65024K, used 18868K [0x00000000c0000000, 0x00000000c3f80000, 0x00000000eab00000)
  object space 65024K, 29% used [0x00000000c0000000,0x00000000c126d128,0x00000000c3f80000)
 Metaspace       used 41207K, capacity 41910K, committed 42240K, reserved 1085440K
  class space    used 5625K, capacity 5784K, committed 5888K, reserved 1048576K
Event: 31.082 GC heap after
Heap after GC invocations=13 (full 2):
 PSYoungGen      total 124928K, used 9025K [0x00000000eab00000, 0x00000000f4700000, 0x0000000100000000)
  eden space 111616K, 0% used [0x00000000eab00000,0x00000000eab00000,0x00000000f1800000)
  from space 13312K, 67% used [0x00000000f1800000,0x00000000f20d0708,0x00000000f2500000)
  to   space 13312K, 0% used [0x00000000f3a00000,0x00000000f3a00000,0x00000000f4700000)
 ParOldGen       total 65024K, used 18940K [0x00000000c0000000, 0x00000000c3f80000, 0x00000000eab00000)
  object space 65024K, 29% used [0x00000000c0000000,0x00000000c127f138,0x00000000c3f80000)
 Metaspace       used 41207K, capacity 41910K, committed 42240K, reserved 1085440K
  class space    used 5625K, capacity 5784K, committed 5888K, reserved 1048576K
}
Event: 35.481 GC heap before
{Heap before GC invocations=14 (full 2):
 PSYoungGen      total 124928K, used 120641K [0x00000000eab00000, 0x00000000f4700000, 0x0000000100000000)
  eden space 111616K, 100% used [0x00000000eab00000,0x00000000f1800000,0x00000000f1800000)
  from space 13312K, 67% used [0x00000000f1800000,0x00000000f20d0708,0x00000000f2500000)
  to   space 13312K, 0% used [0x00000000f3a00000,0x00000000f3a00000,0x00000000f4700000)
 ParOldGen       total 65024K, used 18940K [0x00000000c0000000, 0x00000000c3f80000, 0x00000000eab00000)
  object space 65024K, 29% used [0x00000000c0000000,0x00000000c127f138,0x00000000c3f80000)
 Metaspace       used 46706K, capacity 47530K, committed 47744K, reserved 1089536K
  class space    used 6444K, capacity 6678K, committed 6784K, reserved 1048576K
Event: 35.514 GC heap after
Heap after GC invocations=14 (full 2):
 PSYoungGen      total 142848K, used 13309K [0x00000000eab00000, 0x00000000f4d80000, 0x0000000100000000)
  eden space 129536K, 0% used [0x00000000eab00000,0x00000000eab00000,0x00000000f2980000)
  from space 13312K, 99% used [0x00000000f3a00000,0x00000000f46ff7b8,0x00000000f4700000)
  to   space 16896K, 0% used [0x00000000f2980000,0x00000000f2980000,0x00000000f3a00000)
 ParOldGen       total 65024K, used 23630K [0x00000000c0000000, 0x00000000c3f80000, 0x00000000eab00000)
  object space 65024K, 36% used [0x00000000c0000000,0x00000000c1713850,0x00000000c3f80000)
 Metaspace       used 46706K, capacity 47530K, committed 47744K, reserved 1089536K
  class space    used 6444K, capacity 6678K, committed 6784K, reserved 1048576K
}
Event: 44.757 GC heap before
{Heap before GC invocations=15 (full 2):
 PSYoungGen      total 142848K, used 44151K [0x00000000eab00000, 0x00000000f4d80000, 0x0000000100000000)
  eden space 129536K, 23% used [0x00000000eab00000,0x00000000ec91e6d8,0x00000000f2980000)
  from space 13312K, 99% used [0x00000000f3a00000,0x00000000f46ff7b8,0x00000000f4700000)
  to   space 16896K, 0% used [0x00000000f2980000,0x00000000f2980000,0x00000000f3a00000)
 ParOldGen       total 65024K, used 23630K [0x00000000c0000000, 0x00000000c3f80000, 0x00000000eab00000)
  object space 65024K, 36% used [0x00000000c0000000,0x00000000c1713850,0x00000000c3f80000)
 Metaspace       used 47529K, capacity 48416K, committed 48640K, reserved 1091584K
  class space    used 6567K, capacity 6815K, committed 6912K, reserved 1048576K
Event: 44.782 GC heap after
Heap after GC invocations=15 (full 2):
 PSYoungGen      total 146432K, used 14008K [0x00000000eab00000, 0x00000000f5080000, 0x0000000100000000)
  eden space 129536K, 0% used [0x00000000eab00000,0x00000000eab00000,0x00000000f2980000)
  from space 16896K, 82% used [0x00000000f2980000,0x00000000f372e238,0x00000000f3a00000)
  to   space 18432K, 0% used [0x00000000f3e80000,0x00000000f3e80000,0x00000000f5080000)
 ParOldGen       total 65024K, used 23630K [0x00000000c0000000, 0x00000000c3f80000, 0x00000000eab00000)
  object space 65024K, 36% used [0x00000000c0000000,0x00000000c1713850,0x00000000c3f80000)
 Metaspace       used 47529K, capacity 48416K, committed 48640K, reserved 1091584K
  class space    used 6567K, capacity 6815K, committed 6912K, reserved 1048576K
}
Event: 44.782 GC heap before
{Heap before GC invocations=16 (full 3):
 PSYoungGen      total 146432K, used 14008K [0x00000000eab00000, 0x00000000f5080000, 0x0000000100000000)
  eden space 129536K, 0% used [0x00000000eab00000,0x00000000eab00000,0x00000000f2980000)
  from space 16896K, 82% used [0x00000000f2980000,0x00000000f372e238,0x00000000f3a00000)
  to   space 18432K, 0% used [0x00000000f3e80000,0x00000000f3e80000,0x00000000f5080000)
 ParOldGen       total 65024K, used 23630K [0x00000000c0000000, 0x00000000c3f80000, 0x00000000eab00000)
  object space 65024K, 36% used [0x00000000c0000000,0x00000000c1713850,0x00000000c3f80000)
 Metaspace       used 47529K, capacity 48416K, committed 48640K, reserved 1091584K
  class space    used 6567K, capacity 6815K, committed 6912K, reserved 1048576K
Event: 45.402 GC heap after
Heap after GC invocations=16 (full 3):
 PSYoungGen      total 146432K, used 0K [0x00000000eab00000, 0x00000000f5080000, 0x0000000100000000)
  eden space 129536K, 0% used [0x00000000eab00000,0x00000000eab00000,0x00000000f2980000)
  from space 16896K, 0% used [0x00000000f2980000,0x00000000f2980000,0x00000000f3a00000)
  to   space 18432K, 0% used [0x00000000f3e80000,0x00000000f3e80000,0x00000000f5080000)
 ParOldGen       total 65024K, used 33487K [0x00000000c0000000, 0x00000000c3f80000, 0x00000000eab00000)
  object space 65024K, 51% used [0x00000000c0000000,0x00000000c20b3f68,0x00000000c3f80000)
 Metaspace       used 47529K, capacity 48416K, committed 48640K, reserved 1091584K
  class space    used 6567K, capacity 6815K, committed 6912K, reserved 1048576K
}
Event: 92.470 GC heap before
{Heap before GC invocations=17 (full 3):
 PSYoungGen      total 146432K, used 129536K [0x00000000eab00000, 0x00000000f5080000, 0x0000000100000000)
  eden space 129536K, 100% used [0x00000000eab00000,0x00000000f2980000,0x00000000f2980000)
  from space 16896K, 0% used [0x00000000f2980000,0x00000000f2980000,0x00000000f3a00000)
  to   space 18432K, 0% used [0x00000000f3e80000,0x00000000f3e80000,0x00000000f5080000)
 ParOldGen       total 65024K, used 33487K [0x00000000c0000000, 0x00000000c3f80000, 0x00000000eab00000)
  object space 65024K, 51% used [0x00000000c0000000,0x00000000c20b3f68,0x00000000c3f80000)
 Metaspace       used 48453K, capacity 49636K, committed 49792K, reserved 1091584K
  class space    used 6635K, capacity 6920K, committed 7040K, reserved 1048576K
Event: 92.483 GC heap after
Heap after GC invocations=17 (full 3):
 PSYoungGen      total 151552K, used 4768K [0x00000000eab00000, 0x00000000f6000000, 0x0000000100000000)
  eden space 133120K, 0% used [0x00000000eab00000,0x00000000eab00000,0x00000000f2d00000)
  from space 18432K, 25% used [0x00000000f3e80000,0x00000000f4328000,0x00000000f5080000)
  to   space 17920K, 0% used [0x00000000f2d00000,0x00000000f2d00000,0x00000000f3e80000)
 ParOldGen       total 65024K, used 33495K [0x00000000c0000000, 0x00000000c3f80000, 0x00000000eab00000)
  object space 65024K, 51% used [0x00000000c0000000,0x00000000c20b5f68,0x00000000c3f80000)
 Metaspace       used 48453K, capacity 49636K, committed 49792K, reserved 1091584K
  class space    used 6635K, capacity 6920K, committed 7040K, reserved 1048576K
}

